<?xml version="1.0" encoding="UTF-8"?>
<!-- Generated by org.testng.reporters.JUnitReportReporter -->
<testsuite skipped="0" hostname="Malalais-MacBook-Air.local" name="tests.DataProviderExcercise" tests="1" failures="0" timestamp="22 Jan 2020 21:00:12 GMT" time="0.016" errors="0">
  <testcase name="dProvider" time="0.016" classname="tests.DataProviderExcercise"/>
</testsuite> <!-- tests.DataProviderExcercise -->
