<?xml version="1.0" encoding="UTF-8"?>
<!-- Generated by org.testng.reporters.JUnitReportReporter -->
<testsuite skipped="0" hostname="Malalais-MacBook-Air.local" name="tests.SampleTest" tests="2" failures="0" timestamp="14 Feb 2020 22:04:55 GMT" time="23.561" errors="0">
  <testcase name="T4" time="0.004" classname="tests.SampleTest"/>
  <testcase name="T3" time="23.557" classname="tests.SampleTest"/>
</testsuite> <!-- tests.SampleTest -->
