<?xml version="1.0" encoding="UTF-8"?>
<!-- Generated by org.testng.reporters.JUnitReportReporter -->
<testsuite skipped="1" hostname="Malalais-MacBook-Air.local" name="tests.TestNGClass" tests="5" failures="0" timestamp="26 Dec 2019 14:40:51 GMT" time="0.082" errors="0">
  <testcase name="tcFour" time="0.042" classname="tests.TestNGClass"/>
  <testcase name="tcFive" time="0.008" classname="tests.TestNGClass"/>
  <testcase name="tcThree" time="0.008" classname="tests.TestNGClass"/>
  <testcase name="tcTwo" time="0.024" classname="tests.TestNGClass"/>
  <testcase name="tcOne" classname="tests.TestNGClass">
    <skipped/>
  </testcase> <!-- tcOne -->
</testsuite> <!-- tests.TestNGClass -->
