<?xml version="1.0" encoding="UTF-8"?>
<!-- Generated by org.testng.reporters.JUnitReportReporter -->
<testsuite skipped="1" hostname="Malalais-MacBook-Air.local" name="tests.TestNGBasics" tests="3" failures="0" timestamp="16 Feb 2020 03:58:42 GMT" time="0.024" errors="0">
  <testcase name="fff" time="0.006" classname="tests.TestNGBasics"/>
  <testcase name="f" time="0.018" classname="tests.TestNGBasics"/>
  <testcase name="ff" classname="tests.TestNGBasics">
    <skipped/>
  </testcase> <!-- ff -->
</testsuite> <!-- tests.TestNGBasics -->
