<?xml version="1.0" encoding="UTF-8"?>
<!-- Generated by org.testng.reporters.JUnitReportReporter -->
<testsuite skipped="1" hostname="Malalais-MacBook-Air.local" name="tests.MyTestNGTests" tests="4" failures="0" timestamp="29 Dec 2019 19:28:22 GMT" time="44.232" errors="0">
  <testcase name="loginToAccount" time="8.627" classname="tests.MyTestNGTests"/>
  <testcase name="loginToAccount" time="11.561" classname="tests.MyTestNGTests"/>
  <testcase name="loginToAccount" time="24.044" classname="tests.MyTestNGTests"/>
  <testcase name="registerMe" classname="tests.MyTestNGTests">
    <skipped/>
  </testcase> <!-- registerMe -->
</testsuite> <!-- tests.MyTestNGTests -->
