<?xml version="1.0" encoding="UTF-8"?>
<!-- Generated by org.testng.reporters.JUnitReportReporter -->
<testsuite skipped="0" hostname="Malalais-MacBook-Air.local" name="tests.DataProviderPractice" tests="4" failures="0" timestamp="16 Feb 2020 03:41:54 GMT" time="0.016" errors="0">
  <testcase name="dataProviderTest" time="0.005" classname="tests.DataProviderPractice"/>
  <testcase name="dataProviderTest" time="0.001" classname="tests.DataProviderPractice"/>
  <testcase name="dataProviderTest" time="0.008" classname="tests.DataProviderPractice"/>
  <testcase name="dataProviderTest" time="0.002" classname="tests.DataProviderPractice"/>
</testsuite> <!-- tests.DataProviderPractice -->
